Using pre-set license

 COMMAND LINE ARGUMENTS:
/Applications/Unity/2020.3.8f1/Unity.app/Contents/MacOS/Unity
-adb2
-batchMode
-noUpm
-name
AssetImportWorker0
-projectPath
/Users/denishusainov/Documents/GitHub/CAr_simulator/BMW_Simulator
-logFile
Logs/AssetImportWorker0.log
-srvPort
52365
Successfully changed project path to: /Users/denishusainov/Documents/GitHub/CAr_simulator/BMW_Simulator
/Users/denishusainov/Documents/GitHub/CAr_simulator/BMW_Simulator
Using Asset Import Pipeline V2.
Refreshing native plugins compatible for Editor in 24.60 ms, found 1 plugins.
Preloading 0 native plugins for Editor in 0.00 ms.
Initialize engine version: 2020.3.8f1 (507919d4fff5)
[Subsystems] Discovering subsystems at path /Applications/Unity/2020.3.8f1/Unity.app/Contents/Resources/UnitySubsystems
[Subsystems] Discovering subsystems at path /Users/denishusainov/Documents/GitHub/CAr_simulator/BMW_Simulator/Assets
GfxDevice: creating device client; threaded=0
2021-11-24 19:44:41.582 Unity[2492:192580] (null) preferred device: Apple M1 (high power)
2021-11-24 19:44:41.582 Unity[2492:192580] Metal devices available: 1
2021-11-24 19:44:41.582 Unity[2492:192580] 0: Apple M1 (high power)
2021-11-24 19:44:41.582 Unity[2492:192580] Using device Apple M1 (high power)
Initializing Metal device caps: Apple M1
Initialize mono
Mono path[0] = '/Applications/Unity/2020.3.8f1/Unity.app/Contents/Managed'
Mono path[1] = '/Applications/Unity/2020.3.8f1/Unity.app/Contents/MonoBleedingEdge/lib/mono/unityjit'
Mono config path = '/Applications/Unity/2020.3.8f1/Unity.app/Contents/MonoBleedingEdge/etc'
Using monoOptions --debugger-agent=transport=dt_socket,embedding=1,server=y,suspend=n,address=127.0.0.1:56492
Begin MonoManager ReloadAssembly
Error scanning for extension ivy.xml files: System.UnauthorizedAccessException: Access to the path '/Applications/Unity/2020.3.8f1/PlaybackEngines/WebGLSupport/BuildTools/Emscripten_Mac/node' is denied.
  at System.IO.__Error.WinIOError (System.Int32 errorCode, System.String maybeFullPath) [0x00129] in <695d1cc93cca45069c528c15c9fdd749>:0 
  at System.IO.FileSystemEnumerableIterator`1[TSource].HandleError (System.Int32 hr, System.String path) [0x00006] in <695d1cc93cca45069c528c15c9fdd749>:0 
  at System.IO.FileSystemEnumerableIterator`1[TSource].AddSearchableDirsToStack (System.IO.Directory+SearchData localSearchData) [0x00053] in <695d1cc93cca45069c528c15c9fdd749>:0 
  at System.IO.FileSystemEnumerableIterator`1[TSource].MoveNext () [0x0008e] in <695d1cc93cca45069c528c15c9fdd749>:0 
  at System.Collections.Generic.List`1[T]..ctor (System.Collections.Generic.IEnumerable`1[T] collection) [0x00077] in <695d1cc93cca45069c528c15c9fdd749>:0 
  at System.IO.Directory.InternalGetFileDirectoryNames (System.String path, System.String userPathOriginal, System.String searchPattern, System.Boolean includeFiles, System.Boolean includeDirs, System.IO.SearchOption searchOption, System.Boolean checkHost) [0x0000f] in <695d1cc93cca45069c528c15c9fdd749>:0 
  at System.IO.Directory.InternalGetFiles (System.String path, System.String searchPattern, System.IO.SearchOption searchOption) [0x00000] in <695d1cc93cca45069c528c15c9fdd749>:0 
  at System.IO.Directory.GetFiles (System.String path, System.String searchPattern, System.IO.SearchOption searchOption) [0x00038] in <695d1cc93cca45069c528c15c9fdd749>:0 
  at UnityEditor.Modules.ModuleManager.LoadLegacyExtensionsFromIvyFiles () [0x000a5] in /Users/bokken/buildslave/unity/build/Editor/Mono/Modules/ModuleManager.cs:253 
Registering precompiled unity dll's ...
Register platform support module: /Applications/Unity/2020.3.8f1/PlaybackEngines/WebGLSupport/UnityEditor.WebGL.Extensions.dll
Register platform support module: /Applications/Unity/2020.3.8f1/Unity.app/Contents/PlaybackEngines/MacStandaloneSupport/UnityEditor.OSXStandalone.Extensions.dll
Register platform support module: /Applications/Unity/2020.3.8f1/PlaybackEngines/WindowsStandaloneSupport/UnityEditor.WindowsStandalone.Extensions.dll
Registered in 0.001965 seconds.
Native extension for WindowsStandalone target not found
Native extension for OSXStandalone target not found
Native extension for WebGL target not found
Refreshing native plugins compatible for Editor in 26.17 ms, found 1 plugins.
Preloading 0 native plugins for Editor in 0.00 ms.
Mono: successfully reloaded assembly
- Completed reload, in  3.395 seconds
Platform modules already initialized, skipping
Registering precompiled user dll's ...
Registered in 0.000531 seconds.
Begin MonoManager ReloadAssembly
Native extension for WindowsStandalone target not found
Native extension for OSXStandalone target not found
Native extension for WebGL target not found
Refreshing native plugins compatible for Editor in 0.23 ms, found 1 plugins.
Preloading 0 native plugins for Editor in 0.00 ms.
Mono: successfully reloaded assembly
- Completed reload, in  1.801 seconds
Platform modules already initialized, skipping
========================================================================
Worker process is ready to serve import requests
Launching external process: /Applications/Unity/2020.3.8f1/Unity.app/Contents/Tools/UnityShaderCompiler
Launched and connected shader compiler UnityShaderCompiler after 0.04 seconds
Refreshing native plugins compatible for Editor in 0.20 ms, found 1 plugins.
Preloading 0 native plugins for Editor in 0.00 ms.
Unloading 1270 Unused Serialized files (Serialized files now loaded: 0)
System memory in use before: 120.8 MB.
System memory in use after: 120.8 MB.

Unloading 11 unused Assets to reduce memory usage. Loaded Objects now: 1717.
Total: 1.253500 ms (FindLiveObjects: 0.096000 ms CreateObjectMapping: 0.025375 ms MarkObjects: 1.052167 ms  DeleteObjects: 0.079292 ms)

========================================================================
Received Import Request.
  path: Assets/Resuorsec/Simple city plain/Prefabs/Street 3 Prefab.prefab
  artifactKey: Guid(2224b63330275e5478ef024b2913f937) Importer(815301076,1909f56bfc062723c751e8b465ee728b)
Start importing Assets/Resuorsec/Simple city plain/Prefabs/Street 3 Prefab.prefab using Guid(2224b63330275e5478ef024b2913f937) Importer(815301076,1909f56bfc062723c751e8b465ee728b)  -> (artifact id: '3474a02cb28c84dd40051461137e4599') in 1.091859 seconds
  Import took 1.094693 seconds .

========================================================================
Received Prepare
Refreshing native plugins compatible for Editor in 0.49 ms, found 1 plugins.
Preloading 0 native plugins for Editor in 0.00 ms.
Unloading 3 Unused Serialized files (Serialized files now loaded: 0)
System memory in use before: 104.2 MB.
System memory in use after: 104.3 MB.

Unloading 3 unused Assets to reduce memory usage. Loaded Objects now: 1724.
Total: 4.831542 ms (FindLiveObjects: 0.240834 ms CreateObjectMapping: 0.025625 ms MarkObjects: 4.495042 ms  DeleteObjects: 0.069334 ms)

========================================================================
Received Prepare
Registering precompiled user dll's ...
Registered in 0.000319 seconds.
Begin MonoManager ReloadAssembly
Native extension for WindowsStandalone target not found
Native extension for OSXStandalone target not found
Native extension for WebGL target not found
Refreshing native plugins compatible for Editor in 0.21 ms, found 1 plugins.
Preloading 0 native plugins for Editor in 0.00 ms.
Mono: successfully reloaded assembly
- Completed reload, in  1.740 seconds
Platform modules already initialized, skipping
Switching build target platform(2) subTarget(0) extendedPlatform(0) -> platform(13) subTarget(537395200) extendedPlatform(0)
Refreshing native plugins compatible for Editor in 0.20 ms, found 1 plugins.
Preloading 0 native plugins for Editor in 0.00 ms.
Unloading 1266 Unused Serialized files (Serialized files now loaded: 0)
System memory in use before: 128.1 MB.
System memory in use after: 128.2 MB.

Unloading 6 unused Assets to reduce memory usage. Loaded Objects now: 1727.
Total: 1.137125 ms (FindLiveObjects: 0.098209 ms CreateObjectMapping: 0.024209 ms MarkObjects: 0.963584 ms  DeleteObjects: 0.050416 ms)

AssetImportParameters requested are different than current active one (requested -> active):
  custom:graphics/normal-map-encoding: 01000000000000000000000000000000 -> 02000000000000000000000000000000
========================================================================
Received Prepare
Registering precompiled user dll's ...
Registered in 0.000834 seconds.
Begin MonoManager ReloadAssembly
Native extension for WindowsStandalone target not found
Native extension for OSXStandalone target not found
Native extension for WebGL target not found
Refreshing native plugins compatible for Editor in 0.20 ms, found 1 plugins.
Preloading 0 native plugins for Editor in 0.00 ms.
Mono: successfully reloaded assembly
- Completed reload, in  1.733 seconds
Platform modules already initialized, skipping
Switching build target platform(2) subTarget(0) extendedPlatform(0) -> platform(13) subTarget(537395200) extendedPlatform(0)
Refreshing native plugins compatible for Editor in 0.18 ms, found 1 plugins.
Preloading 0 native plugins for Editor in 0.00 ms.
Unloading 1266 Unused Serialized files (Serialized files now loaded: 0)
System memory in use before: 128.3 MB.
System memory in use after: 128.4 MB.

Unloading 6 unused Assets to reduce memory usage. Loaded Objects now: 1730.
Total: 1.163625 ms (FindLiveObjects: 0.101750 ms CreateObjectMapping: 0.023875 ms MarkObjects: 0.979834 ms  DeleteObjects: 0.057334 ms)

AssetImportParameters requested are different than current active one (requested -> active):
  custom:graphics/normal-map-encoding: 01000000000000000000000000000000 -> 02000000000000000000000000000000
========================================================================
Received Import Request.
  Time since last request: 126.591400 seconds.
  path: Assets/Resuorsec/Simple city plain/Prefabs/Street 3 Prefab 1.prefab
  artifactKey: Guid(09a01e97792fe48f0ac0efcef5b9b28a) Importer(815301076,1909f56bfc062723c751e8b465ee728b)
Start importing Assets/Resuorsec/Simple city plain/Prefabs/Street 3 Prefab 1.prefab using Guid(09a01e97792fe48f0ac0efcef5b9b28a) Importer(815301076,1909f56bfc062723c751e8b465ee728b)  -> (artifact id: '35352d3a11fffbdbd2c7dfe320f19af7') in 0.147209 seconds
  Import took 0.148893 seconds .

========================================================================
Received Prepare
Registering precompiled user dll's ...
Registered in 0.000370 seconds.
Begin MonoManager ReloadAssembly
Native extension for WindowsStandalone target not found
Native extension for OSXStandalone target not found
Native extension for WebGL target not found
Refreshing native plugins compatible for Editor in 0.23 ms, found 1 plugins.
Preloading 0 native plugins for Editor in 0.00 ms.
Mono: successfully reloaded assembly
- Completed reload, in  1.830 seconds
Platform modules already initialized, skipping
Switching build target platform(2) subTarget(0) extendedPlatform(0) -> platform(13) subTarget(537395200) extendedPlatform(0)
Refreshing native plugins compatible for Editor in 0.21 ms, found 1 plugins.
Preloading 0 native plugins for Editor in 0.00 ms.
Unloading 1266 Unused Serialized files (Serialized files now loaded: 0)
System memory in use before: 128.6 MB.
System memory in use after: 128.7 MB.

Unloading 6 unused Assets to reduce memory usage. Loaded Objects now: 1734.
Total: 1.213250 ms (FindLiveObjects: 0.104541 ms CreateObjectMapping: 0.025209 ms MarkObjects: 1.023625 ms  DeleteObjects: 0.059083 ms)

AssetImportParameters requested are different than current active one (requested -> active):
  custom:graphics/normal-map-encoding: 01000000000000000000000000000000 -> 02000000000000000000000000000000
========================================================================
Received Prepare
Registering precompiled user dll's ...
Registered in 0.000730 seconds.
Begin MonoManager ReloadAssembly
Native extension for WindowsStandalone target not found
Native extension for OSXStandalone target not found
Native extension for WebGL target not found
Refreshing native plugins compatible for Editor in 0.50 ms, found 1 plugins.
Preloading 0 native plugins for Editor in 0.00 ms.
Mono: successfully reloaded assembly
- Completed reload, in  2.090 seconds
Platform modules already initialized, skipping
Switching build target platform(2) subTarget(0) extendedPlatform(0) -> platform(13) subTarget(537395200) extendedPlatform(0)
Refreshing native plugins compatible for Editor in 0.21 ms, found 1 plugins.
Preloading 0 native plugins for Editor in 0.00 ms.
Unloading 1266 Unused Serialized files (Serialized files now loaded: 0)
System memory in use before: 128.8 MB.
System memory in use after: 128.9 MB.

Unloading 6 unused Assets to reduce memory usage. Loaded Objects now: 1737.
Total: 3.166250 ms (FindLiveObjects: 0.222666 ms CreateObjectMapping: 0.043709 ms MarkObjects: 2.799708 ms  DeleteObjects: 0.098708 ms)

AssetImportParameters requested are different than current active one (requested -> active):
  custom:graphics/normal-map-encoding: 01000000000000000000000000000000 -> 02000000000000000000000000000000
========================================================================
Received Prepare
Registering precompiled user dll's ...
Registered in 0.000290 seconds.
Begin MonoManager ReloadAssembly
Native extension for WindowsStandalone target not found
Native extension for OSXStandalone target not found
Native extension for WebGL target not found
Refreshing native plugins compatible for Editor in 0.23 ms, found 1 plugins.
Preloading 0 native plugins for Editor in 0.00 ms.
Mono: successfully reloaded assembly
- Completed reload, in  1.767 seconds
Platform modules already initialized, skipping
Switching build target platform(2) subTarget(0) extendedPlatform(0) -> platform(13) subTarget(537395200) extendedPlatform(0)
Refreshing native plugins compatible for Editor in 0.20 ms, found 1 plugins.
Preloading 0 native plugins for Editor in 0.00 ms.
Unloading 1266 Unused Serialized files (Serialized files now loaded: 0)
System memory in use before: 129.0 MB.
System memory in use after: 129.1 MB.

Unloading 6 unused Assets to reduce memory usage. Loaded Objects now: 1740.
Total: 1.120250 ms (FindLiveObjects: 0.091583 ms CreateObjectMapping: 0.025791 ms MarkObjects: 0.951708 ms  DeleteObjects: 0.050292 ms)

AssetImportParameters requested are different than current active one (requested -> active):
  custom:graphics/normal-map-encoding: 01000000000000000000000000000000 -> 02000000000000000000000000000000
========================================================================
Received Prepare
Registering precompiled user dll's ...
Registered in 0.000348 seconds.
Begin MonoManager ReloadAssembly
Native extension for WindowsStandalone target not found
Native extension for OSXStandalone target not found
Native extension for WebGL target not found
Refreshing native plugins compatible for Editor in 0.22 ms, found 1 plugins.
Preloading 0 native plugins for Editor in 0.00 ms.
Mono: successfully reloaded assembly
- Completed reload, in  1.832 seconds
Platform modules already initialized, skipping
Switching build target platform(2) subTarget(0) extendedPlatform(0) -> platform(13) subTarget(537395200) extendedPlatform(0)
Refreshing native plugins compatible for Editor in 0.21 ms, found 1 plugins.
Preloading 0 native plugins for Editor in 0.00 ms.
Unloading 1266 Unused Serialized files (Serialized files now loaded: 0)
System memory in use before: 129.2 MB.
System memory in use after: 129.3 MB.

Unloading 6 unused Assets to reduce memory usage. Loaded Objects now: 1743.
Total: 1.212500 ms (FindLiveObjects: 0.118000 ms CreateObjectMapping: 0.026042 ms MarkObjects: 1.002708 ms  DeleteObjects: 0.064875 ms)

AssetImportParameters requested are different than current active one (requested -> active):
  custom:graphics/normal-map-encoding: 01000000000000000000000000000000 -> 02000000000000000000000000000000
========================================================================
Received Prepare
Registering precompiled user dll's ...
Registered in 0.000757 seconds.
Begin MonoManager ReloadAssembly
Native extension for WindowsStandalone target not found
Native extension for OSXStandalone target not found
Native extension for WebGL target not found
Refreshing native plugins compatible for Editor in 0.41 ms, found 1 plugins.
Preloading 0 native plugins for Editor in 0.00 ms.
Mono: successfully reloaded assembly
- Completed reload, in  1.829 seconds
Platform modules already initialized, skipping
Switching build target platform(2) subTarget(0) extendedPlatform(0) -> platform(13) subTarget(537395200) extendedPlatform(0)
Refreshing native plugins compatible for Editor in 0.20 ms, found 1 plugins.
Preloading 0 native plugins for Editor in 0.00 ms.
Unloading 1266 Unused Serialized files (Serialized files now loaded: 0)
System memory in use before: 129.4 MB.
System memory in use after: 129.5 MB.

Unloading 6 unused Assets to reduce memory usage. Loaded Objects now: 1746.
Total: 1.281625 ms (FindLiveObjects: 0.148458 ms CreateObjectMapping: 0.026333 ms MarkObjects: 1.040375 ms  DeleteObjects: 0.065667 ms)

AssetImportParameters requested are different than current active one (requested -> active):
  custom:graphics/normal-map-encoding: 01000000000000000000000000000000 -> 02000000000000000000000000000000
========================================================================
Received Prepare
Registering precompiled user dll's ...
Registered in 0.000470 seconds.
Begin MonoManager ReloadAssembly
Native extension for WindowsStandalone target not found
Native extension for OSXStandalone target not found
Native extension for WebGL target not found
Refreshing native plugins compatible for Editor in 0.22 ms, found 1 plugins.
Preloading 0 native plugins for Editor in 0.00 ms.
Mono: successfully reloaded assembly
- Completed reload, in  1.845 seconds
Platform modules already initialized, skipping
Switching build target platform(2) subTarget(0) extendedPlatform(0) -> platform(13) subTarget(537395200) extendedPlatform(0)
Refreshing native plugins compatible for Editor in 0.20 ms, found 1 plugins.
Preloading 0 native plugins for Editor in 0.00 ms.
Unloading 1266 Unused Serialized files (Serialized files now loaded: 0)
System memory in use before: 129.7 MB.
System memory in use after: 129.7 MB.

Unloading 6 unused Assets to reduce memory usage. Loaded Objects now: 1749.
Total: 1.130250 ms (FindLiveObjects: 0.104625 ms CreateObjectMapping: 0.024375 ms MarkObjects: 0.949292 ms  DeleteObjects: 0.051166 ms)

AssetImportParameters requested are different than current active one (requested -> active):
  custom:graphics/normal-map-encoding: 01000000000000000000000000000000 -> 02000000000000000000000000000000
========================================================================
Received Prepare
Registering precompiled user dll's ...
Registered in 0.000928 seconds.
Begin MonoManager ReloadAssembly
Native extension for WindowsStandalone target not found
Native extension for OSXStandalone target not found
Native extension for WebGL target not found
Refreshing native plugins compatible for Editor in 0.22 ms, found 1 plugins.
Preloading 0 native plugins for Editor in 0.00 ms.
Mono: successfully reloaded assembly
- Completed reload, in  1.782 seconds
Platform modules already initialized, skipping
Switching build target platform(2) subTarget(0) extendedPlatform(0) -> platform(13) subTarget(537395200) extendedPlatform(0)
Refreshing native plugins compatible for Editor in 0.18 ms, found 1 plugins.
Preloading 0 native plugins for Editor in 0.00 ms.
Unloading 1266 Unused Serialized files (Serialized files now loaded: 0)
System memory in use before: 129.8 MB.
System memory in use after: 129.9 MB.

Unloading 6 unused Assets to reduce memory usage. Loaded Objects now: 1752.
Total: 1.128958 ms (FindLiveObjects: 0.101333 ms CreateObjectMapping: 0.024542 ms MarkObjects: 0.955083 ms  DeleteObjects: 0.047208 ms)

AssetImportParameters requested are different than current active one (requested -> active):
  custom:graphics/normal-map-encoding: 01000000000000000000000000000000 -> 02000000000000000000000000000000
========================================================================
Received Prepare
Registering precompiled user dll's ...
Registered in 0.001817 seconds.
Begin MonoManager ReloadAssembly
Native extension for WindowsStandalone target not found
Native extension for OSXStandalone target not found
Native extension for WebGL target not found
Refreshing native plugins compatible for Editor in 0.28 ms, found 1 plugins.
Preloading 0 native plugins for Editor in 0.00 ms.
Mono: successfully reloaded assembly
- Completed reload, in  1.862 seconds
Platform modules already initialized, skipping
Switching build target platform(2) subTarget(0) extendedPlatform(0) -> platform(13) subTarget(537395200) extendedPlatform(0)
Refreshing native plugins compatible for Editor in 0.21 ms, found 1 plugins.
Preloading 0 native plugins for Editor in 0.00 ms.
Unloading 1266 Unused Serialized files (Serialized files now loaded: 0)
System memory in use before: 130.0 MB.
System memory in use after: 130.1 MB.

Unloading 6 unused Assets to reduce memory usage. Loaded Objects now: 1755.
Total: 1.188792 ms (FindLiveObjects: 0.115000 ms CreateObjectMapping: 0.025959 ms MarkObjects: 0.989666 ms  DeleteObjects: 0.057209 ms)

AssetImportParameters requested are different than current active one (requested -> active):
  custom:graphics/normal-map-encoding: 01000000000000000000000000000000 -> 02000000000000000000000000000000
========================================================================
Received Prepare
Registering precompiled user dll's ...
Registered in 0.000820 seconds.
Begin MonoManager ReloadAssembly
Native extension for WindowsStandalone target not found
Native extension for OSXStandalone target not found
Native extension for WebGL target not found
Refreshing native plugins compatible for Editor in 0.20 ms, found 1 plugins.
Preloading 0 native plugins for Editor in 0.00 ms.
Mono: successfully reloaded assembly
- Completed reload, in  1.756 seconds
Platform modules already initialized, skipping
Switching build target platform(2) subTarget(0) extendedPlatform(0) -> platform(13) subTarget(537395200) extendedPlatform(0)
Refreshing native plugins compatible for Editor in 0.20 ms, found 1 plugins.
Preloading 0 native plugins for Editor in 0.00 ms.
Unloading 1266 Unused Serialized files (Serialized files now loaded: 0)
System memory in use before: 130.2 MB.
System memory in use after: 130.2 MB.

Unloading 6 unused Assets to reduce memory usage. Loaded Objects now: 1758.
Total: 1.177667 ms (FindLiveObjects: 0.114959 ms CreateObjectMapping: 0.025500 ms MarkObjects: 0.983791 ms  DeleteObjects: 0.052625 ms)

AssetImportParameters requested are different than current active one (requested -> active):
  custom:graphics/normal-map-encoding: 01000000000000000000000000000000 -> 02000000000000000000000000000000
========================================================================
Received Import Request.
  Time since last request: 656.425148 seconds.
  path: Assets/Resuorsec/Simple city plain/Prefabs/Street 3 Prefab 1.prefab
  artifactKey: Guid(09a01e97792fe48f0ac0efcef5b9b28a) Importer(815301076,1909f56bfc062723c751e8b465ee728b)
Start importing Assets/Resuorsec/Simple city plain/Prefabs/Street 3 Prefab 1.prefab using Guid(09a01e97792fe48f0ac0efcef5b9b28a) Importer(815301076,1909f56bfc062723c751e8b465ee728b)  -> (artifact id: '6a0d3b48131588c696ffb2fe696f599c') in 0.192332 seconds
  Import took 0.199268 seconds .

========================================================================
Received Import Request.
  Time since last request: 8.908564 seconds.
  path: Assets/Resuorsec/Simple city plain/Prefabs/Street 3 Prefab 1.prefab
  artifactKey: Guid(09a01e97792fe48f0ac0efcef5b9b28a) Importer(815301076,1909f56bfc062723c751e8b465ee728b)
Start importing Assets/Resuorsec/Simple city plain/Prefabs/Street 3 Prefab 1.prefab using Guid(09a01e97792fe48f0ac0efcef5b9b28a) Importer(815301076,1909f56bfc062723c751e8b465ee728b)  -> (artifact id: 'ac35fda39fe2bc3ab9976568c78834bf') in 0.025233 seconds
  Import took 0.027112 seconds .

========================================================================
Received Import Request.
  Time since last request: 0.790662 seconds.
  path: Assets/Resuorsec/Simple city plain/Prefabs/Street 3 Prefab 1.prefab
  artifactKey: Guid(09a01e97792fe48f0ac0efcef5b9b28a) Importer(815301076,1909f56bfc062723c751e8b465ee728b)
Start importing Assets/Resuorsec/Simple city plain/Prefabs/Street 3 Prefab 1.prefab using Guid(09a01e97792fe48f0ac0efcef5b9b28a) Importer(815301076,1909f56bfc062723c751e8b465ee728b)  -> (artifact id: 'e2cce16a5c031682cef1f28857f1c27f') in 0.010418 seconds
  Import took 0.012352 seconds .

========================================================================
Received Import Request.
  Time since last request: 3.632387 seconds.
  path: Assets/Resuorsec/Simple city plain/Prefabs/Street 3 Prefab 1.prefab
  artifactKey: Guid(09a01e97792fe48f0ac0efcef5b9b28a) Importer(815301076,1909f56bfc062723c751e8b465ee728b)
Start importing Assets/Resuorsec/Simple city plain/Prefabs/Street 3 Prefab 1.prefab using Guid(09a01e97792fe48f0ac0efcef5b9b28a) Importer(815301076,1909f56bfc062723c751e8b465ee728b)  -> (artifact id: 'dd304d06793c09d5db3e7a75964de9e5') in 0.007851 seconds
  Import took 0.009704 seconds .

========================================================================
Received Import Request.
  Time since last request: 3.025239 seconds.
  path: Assets/Resuorsec/Simple city plain/Prefabs/Street 3 Prefab 1.prefab
  artifactKey: Guid(09a01e97792fe48f0ac0efcef5b9b28a) Importer(815301076,1909f56bfc062723c751e8b465ee728b)
Start importing Assets/Resuorsec/Simple city plain/Prefabs/Street 3 Prefab 1.prefab using Guid(09a01e97792fe48f0ac0efcef5b9b28a) Importer(815301076,1909f56bfc062723c751e8b465ee728b)  -> (artifact id: '6e4dc3b9ce266b0f7ccfc58d50848dc7') in 0.007791 seconds
  Import took 0.011532 seconds .

========================================================================
Received Import Request.
  Time since last request: 4.830172 seconds.
  path: Assets/Resuorsec/Simple city plain/Prefabs/Street 3 Prefab 1.prefab
  artifactKey: Guid(09a01e97792fe48f0ac0efcef5b9b28a) Importer(815301076,1909f56bfc062723c751e8b465ee728b)
Start importing Assets/Resuorsec/Simple city plain/Prefabs/Street 3 Prefab 1.prefab using Guid(09a01e97792fe48f0ac0efcef5b9b28a) Importer(815301076,1909f56bfc062723c751e8b465ee728b)  -> (artifact id: 'd8e1ce77fa0bb80c108f1897fffb633f') in 0.009763 seconds
  Import took 0.011632 seconds .

========================================================================
Received Import Request.
  Time since last request: 5.275601 seconds.
  path: Assets/Resuorsec/Simple city plain/Prefabs/Street 3 Prefab 1.prefab
  artifactKey: Guid(09a01e97792fe48f0ac0efcef5b9b28a) Importer(815301076,1909f56bfc062723c751e8b465ee728b)
Start importing Assets/Resuorsec/Simple city plain/Prefabs/Street 3 Prefab 1.prefab using Guid(09a01e97792fe48f0ac0efcef5b9b28a) Importer(815301076,1909f56bfc062723c751e8b465ee728b)  -> (artifact id: 'e02d7db7f807ab983f25895bf08e3520') in 0.009102 seconds
  Import took 0.010957 seconds .

========================================================================
Received Import Request.
  Time since last request: 5.244580 seconds.
  path: Assets/Resuorsec/Simple city plain/Prefabs/Street 3 Prefab 1.prefab
  artifactKey: Guid(09a01e97792fe48f0ac0efcef5b9b28a) Importer(815301076,1909f56bfc062723c751e8b465ee728b)
Start importing Assets/Resuorsec/Simple city plain/Prefabs/Street 3 Prefab 1.prefab using Guid(09a01e97792fe48f0ac0efcef5b9b28a) Importer(815301076,1909f56bfc062723c751e8b465ee728b)  -> (artifact id: 'b38bdbfc6755bc2694be094c0459bfe5') in 0.008466 seconds
  Import took 0.010351 seconds .

========================================================================
Received Import Request.
  Time since last request: 10.267737 seconds.
  path: Assets/Resuorsec/Simple city plain/Prefabs/Street 3 Prefab 1.prefab
  artifactKey: Guid(09a01e97792fe48f0ac0efcef5b9b28a) Importer(815301076,1909f56bfc062723c751e8b465ee728b)
Start importing Assets/Resuorsec/Simple city plain/Prefabs/Street 3 Prefab 1.prefab using Guid(09a01e97792fe48f0ac0efcef5b9b28a) Importer(815301076,1909f56bfc062723c751e8b465ee728b)  -> (artifact id: 'dd3e2f9e047638a2dc7b4723771ffa14') in 0.007678 seconds
  Import took 0.009530 seconds .

========================================================================
Received Import Request.
  Time since last request: 2.833780 seconds.
  path: Assets/Resuorsec/Simple city plain/Prefabs/Street 3 Prefab 1.prefab
  artifactKey: Guid(09a01e97792fe48f0ac0efcef5b9b28a) Importer(815301076,1909f56bfc062723c751e8b465ee728b)
Start importing Assets/Resuorsec/Simple city plain/Prefabs/Street 3 Prefab 1.prefab using Guid(09a01e97792fe48f0ac0efcef5b9b28a) Importer(815301076,1909f56bfc062723c751e8b465ee728b)  -> (artifact id: '46fbc2e28124b2db1a1c2370a09a8a9c') in 0.007956 seconds
  Import took 0.009776 seconds .

========================================================================
Received Import Request.
  Time since last request: 13.160231 seconds.
  path: Assets/Resuorsec/Simple city plain/Prefabs/Street 3 Prefab 1.prefab
  artifactKey: Guid(09a01e97792fe48f0ac0efcef5b9b28a) Importer(815301076,1909f56bfc062723c751e8b465ee728b)
Start importing Assets/Resuorsec/Simple city plain/Prefabs/Street 3 Prefab 1.prefab using Guid(09a01e97792fe48f0ac0efcef5b9b28a) Importer(815301076,1909f56bfc062723c751e8b465ee728b)  -> (artifact id: '60e86db476772b9583a3fabcb30f984a') in 0.014856 seconds
  Import took 0.016827 seconds .

========================================================================
Received Import Request.
  Time since last request: 12.590445 seconds.
  path: Assets/Resuorsec/Simple city plain/Prefabs/Street 3 Prefab 1.prefab
  artifactKey: Guid(09a01e97792fe48f0ac0efcef5b9b28a) Importer(815301076,1909f56bfc062723c751e8b465ee728b)
Start importing Assets/Resuorsec/Simple city plain/Prefabs/Street 3 Prefab 1.prefab using Guid(09a01e97792fe48f0ac0efcef5b9b28a) Importer(815301076,1909f56bfc062723c751e8b465ee728b)  -> (artifact id: '1efd2a2bef920809c5a0dbf4a1cbcc1f') in 0.013023 seconds
  Import took 0.015168 seconds .

========================================================================
Received Import Request.
  Time since last request: 2.220210 seconds.
  path: Assets/Resuorsec/Simple city plain/Prefabs/Street 3 Prefab 1.prefab
  artifactKey: Guid(09a01e97792fe48f0ac0efcef5b9b28a) Importer(815301076,1909f56bfc062723c751e8b465ee728b)
Start importing Assets/Resuorsec/Simple city plain/Prefabs/Street 3 Prefab 1.prefab using Guid(09a01e97792fe48f0ac0efcef5b9b28a) Importer(815301076,1909f56bfc062723c751e8b465ee728b)  -> (artifact id: '2414c59e3a81c4a7db01e09d609af884') in 0.009586 seconds
  Import took 0.011534 seconds .

========================================================================
Received Import Request.
  Time since last request: 1.826030 seconds.
  path: Assets/Resuorsec/Simple city plain/Prefabs/Street 3 Prefab 1.prefab
  artifactKey: Guid(09a01e97792fe48f0ac0efcef5b9b28a) Importer(815301076,1909f56bfc062723c751e8b465ee728b)
Start importing Assets/Resuorsec/Simple city plain/Prefabs/Street 3 Prefab 1.prefab using Guid(09a01e97792fe48f0ac0efcef5b9b28a) Importer(815301076,1909f56bfc062723c751e8b465ee728b)  -> (artifact id: '9e6f8314a8cc42c51b70ec53b485c1e9') in 0.009874 seconds
  Import took 0.011791 seconds .

========================================================================
Received Import Request.
  Time since last request: 1.606083 seconds.
  path: Assets/Resuorsec/Simple city plain/Prefabs/Street 3 Prefab 1.prefab
  artifactKey: Guid(09a01e97792fe48f0ac0efcef5b9b28a) Importer(815301076,1909f56bfc062723c751e8b465ee728b)
Start importing Assets/Resuorsec/Simple city plain/Prefabs/Street 3 Prefab 1.prefab using Guid(09a01e97792fe48f0ac0efcef5b9b28a) Importer(815301076,1909f56bfc062723c751e8b465ee728b)  -> (artifact id: '4e885ca40adf645d85879036c357ac7a') in 0.012226 seconds
  Import took 0.014146 seconds .

========================================================================
Received Import Request.
  Time since last request: 2.826908 seconds.
  path: Assets/Resuorsec/Simple city plain/Prefabs/Street 3 Prefab 1.prefab
  artifactKey: Guid(09a01e97792fe48f0ac0efcef5b9b28a) Importer(815301076,1909f56bfc062723c751e8b465ee728b)
Start importing Assets/Resuorsec/Simple city plain/Prefabs/Street 3 Prefab 1.prefab using Guid(09a01e97792fe48f0ac0efcef5b9b28a) Importer(815301076,1909f56bfc062723c751e8b465ee728b)  -> (artifact id: '689037a6de202676b1bf3f04aeab2e6d') in 0.008992 seconds
  Import took 0.010944 seconds .

========================================================================
Received Import Request.
  Time since last request: 4.253172 seconds.
  path: Assets/Resuorsec/Simple city plain/Prefabs/Street 3 Prefab 1.prefab
  artifactKey: Guid(09a01e97792fe48f0ac0efcef5b9b28a) Importer(815301076,1909f56bfc062723c751e8b465ee728b)
Start importing Assets/Resuorsec/Simple city plain/Prefabs/Street 3 Prefab 1.prefab using Guid(09a01e97792fe48f0ac0efcef5b9b28a) Importer(815301076,1909f56bfc062723c751e8b465ee728b)  -> (artifact id: 'd3b98ba46a5ffaeca863b4815cc4133c') in 0.009423 seconds
  Import took 0.011318 seconds .

========================================================================
Received Import Request.
  Time since last request: 3.016093 seconds.
  path: Assets/Resuorsec/Simple city plain/Prefabs/Street 3 Prefab 1.prefab
  artifactKey: Guid(09a01e97792fe48f0ac0efcef5b9b28a) Importer(815301076,1909f56bfc062723c751e8b465ee728b)
Start importing Assets/Resuorsec/Simple city plain/Prefabs/Street 3 Prefab 1.prefab using Guid(09a01e97792fe48f0ac0efcef5b9b28a) Importer(815301076,1909f56bfc062723c751e8b465ee728b)  -> (artifact id: '2f185eb0097ec36c950884eb23ca5902') in 0.010422 seconds
  Import took 0.012301 seconds .

========================================================================
Received Import Request.
  Time since last request: 7.294818 seconds.
  path: Assets/Resuorsec/Simple city plain/Prefabs/Street 3 Prefab 1.prefab
  artifactKey: Guid(09a01e97792fe48f0ac0efcef5b9b28a) Importer(815301076,1909f56bfc062723c751e8b465ee728b)
Start importing Assets/Resuorsec/Simple city plain/Prefabs/Street 3 Prefab 1.prefab using Guid(09a01e97792fe48f0ac0efcef5b9b28a) Importer(815301076,1909f56bfc062723c751e8b465ee728b)  -> (artifact id: '3354159310b48abbe4e16d79880ad30d') in 0.010758 seconds
  Import took 0.012860 seconds .

========================================================================
Received Import Request.
  Time since last request: 3.440692 seconds.
  path: Assets/Resuorsec/Simple city plain/Prefabs/Street 3 Prefab 1.prefab
  artifactKey: Guid(09a01e97792fe48f0ac0efcef5b9b28a) Importer(815301076,1909f56bfc062723c751e8b465ee728b)
Start importing Assets/Resuorsec/Simple city plain/Prefabs/Street 3 Prefab 1.prefab using Guid(09a01e97792fe48f0ac0efcef5b9b28a) Importer(815301076,1909f56bfc062723c751e8b465ee728b)  -> (artifact id: 'f867bf0c7c5548e59860863e1caa2505') in 0.010798 seconds
  Import took 0.012756 seconds .

========================================================================
Received Import Request.
  Time since last request: 1.410746 seconds.
  path: Assets/Resuorsec/Simple city plain/Prefabs/Street 3 Prefab 1.prefab
  artifactKey: Guid(09a01e97792fe48f0ac0efcef5b9b28a) Importer(815301076,1909f56bfc062723c751e8b465ee728b)
Start importing Assets/Resuorsec/Simple city plain/Prefabs/Street 3 Prefab 1.prefab using Guid(09a01e97792fe48f0ac0efcef5b9b28a) Importer(815301076,1909f56bfc062723c751e8b465ee728b)  -> (artifact id: 'aa14cd79b4ea39672148bdc2e1beeb71') in 0.010360 seconds
  Import took 0.012352 seconds .

========================================================================
Received Import Request.
  Time since last request: 2.432542 seconds.
  path: Assets/Resuorsec/Simple city plain/Prefabs/Street 3 Prefab 1.prefab
  artifactKey: Guid(09a01e97792fe48f0ac0efcef5b9b28a) Importer(815301076,1909f56bfc062723c751e8b465ee728b)
Start importing Assets/Resuorsec/Simple city plain/Prefabs/Street 3 Prefab 1.prefab using Guid(09a01e97792fe48f0ac0efcef5b9b28a) Importer(815301076,1909f56bfc062723c751e8b465ee728b)  -> (artifact id: '82e83938c522b2e90563be014a09982a') in 0.010309 seconds
  Import took 0.012343 seconds .

========================================================================
Received Import Request.
  Time since last request: 4.835700 seconds.
  path: Assets/Resuorsec/Simple city plain/Prefabs/Street 3 Prefab 1.prefab
  artifactKey: Guid(09a01e97792fe48f0ac0efcef5b9b28a) Importer(815301076,1909f56bfc062723c751e8b465ee728b)
Start importing Assets/Resuorsec/Simple city plain/Prefabs/Street 3 Prefab 1.prefab using Guid(09a01e97792fe48f0ac0efcef5b9b28a) Importer(815301076,1909f56bfc062723c751e8b465ee728b)  -> (artifact id: '35cd5097f93ef56e6b171fe4ab743c0f') in 0.009772 seconds
  Import took 0.011744 seconds .

========================================================================
Received Import Request.
  Time since last request: 6.291744 seconds.
  path: Assets/Resuorsec/Simple city plain/Prefabs/Street 3 Prefab 1.prefab
  artifactKey: Guid(09a01e97792fe48f0ac0efcef5b9b28a) Importer(815301076,1909f56bfc062723c751e8b465ee728b)
Start importing Assets/Resuorsec/Simple city plain/Prefabs/Street 3 Prefab 1.prefab using Guid(09a01e97792fe48f0ac0efcef5b9b28a) Importer(815301076,1909f56bfc062723c751e8b465ee728b)  -> (artifact id: 'a029ba4c4a4894210c6e306b3fb33c56') in 0.009989 seconds
  Import took 0.011986 seconds .

========================================================================
Received Import Request.
  Time since last request: 16.677327 seconds.
  path: Assets/Resuorsec/Simple city plain/Prefabs/Street 3 Prefab 1.prefab
  artifactKey: Guid(09a01e97792fe48f0ac0efcef5b9b28a) Importer(815301076,1909f56bfc062723c751e8b465ee728b)
Start importing Assets/Resuorsec/Simple city plain/Prefabs/Street 3 Prefab 1.prefab using Guid(09a01e97792fe48f0ac0efcef5b9b28a) Importer(815301076,1909f56bfc062723c751e8b465ee728b)  -> (artifact id: 'a98eeea3bb5f71023786c9b908f418d0') in 0.017951 seconds
  Import took 0.020116 seconds .

========================================================================
Received Import Request.
  Time since last request: 14.070042 seconds.
  path: Assets/Resuorsec/Simple city plain/Prefabs/Street 3 Prefab 1.prefab
  artifactKey: Guid(09a01e97792fe48f0ac0efcef5b9b28a) Importer(815301076,1909f56bfc062723c751e8b465ee728b)
Start importing Assets/Resuorsec/Simple city plain/Prefabs/Street 3 Prefab 1.prefab using Guid(09a01e97792fe48f0ac0efcef5b9b28a) Importer(815301076,1909f56bfc062723c751e8b465ee728b)  -> (artifact id: 'a05c8d69158630ba9b91e0dd24614107') in 0.025375 seconds
  Import took 0.027645 seconds .

========================================================================
Received Import Request.
  Time since last request: 10.821481 seconds.
  path: Assets/Resuorsec/Simple city plain/Prefabs/Street 3 Prefab 1.prefab
  artifactKey: Guid(09a01e97792fe48f0ac0efcef5b9b28a) Importer(815301076,1909f56bfc062723c751e8b465ee728b)
Start importing Assets/Resuorsec/Simple city plain/Prefabs/Street 3 Prefab 1.prefab using Guid(09a01e97792fe48f0ac0efcef5b9b28a) Importer(815301076,1909f56bfc062723c751e8b465ee728b)  -> (artifact id: '5ac099dd23f67793875c64ee8b7678b2') in 0.011527 seconds
  Import took 0.013595 seconds .

========================================================================
Received Import Request.
  Time since last request: 9.115663 seconds.
  path: Assets/Resuorsec/Simple city plain/Prefabs/Street 3 Prefab 1.prefab
  artifactKey: Guid(09a01e97792fe48f0ac0efcef5b9b28a) Importer(815301076,1909f56bfc062723c751e8b465ee728b)
Start importing Assets/Resuorsec/Simple city plain/Prefabs/Street 3 Prefab 1.prefab using Guid(09a01e97792fe48f0ac0efcef5b9b28a) Importer(815301076,1909f56bfc062723c751e8b465ee728b)  -> (artifact id: '16f6bb420fce860b2d7aa470f0f1c366') in 0.010591 seconds
  Import took 0.012562 seconds .

========================================================================
Received Import Request.
  Time since last request: 13.645936 seconds.
  path: Assets/Resuorsec/Simple city plain/Prefabs/Street 3 Prefab 1.prefab
  artifactKey: Guid(09a01e97792fe48f0ac0efcef5b9b28a) Importer(815301076,1909f56bfc062723c751e8b465ee728b)
Start importing Assets/Resuorsec/Simple city plain/Prefabs/Street 3 Prefab 1.prefab using Guid(09a01e97792fe48f0ac0efcef5b9b28a) Importer(815301076,1909f56bfc062723c751e8b465ee728b)  -> (artifact id: '16f31f0092be2c00a6f24997c599fe77') in 0.020619 seconds
  Import took 0.024889 seconds .

========================================================================
Received Import Request.
  Time since last request: 3.606237 seconds.
  path: Assets/Resuorsec/Simple city plain/Prefabs/Street 3 Prefab 1.prefab
  artifactKey: Guid(09a01e97792fe48f0ac0efcef5b9b28a) Importer(815301076,1909f56bfc062723c751e8b465ee728b)
Start importing Assets/Resuorsec/Simple city plain/Prefabs/Street 3 Prefab 1.prefab using Guid(09a01e97792fe48f0ac0efcef5b9b28a) Importer(815301076,1909f56bfc062723c751e8b465ee728b)  -> (artifact id: 'a175fa37975c04ab1f119d0414f7ad6c') in 0.011803 seconds
  Import took 0.013881 seconds .

========================================================================
Received Import Request.
  Time since last request: 67.579263 seconds.
  path: Assets/Resuorsec/Simple city plain/Prefabs/Street 3 Prefab 1.prefab
  artifactKey: Guid(09a01e97792fe48f0ac0efcef5b9b28a) Importer(815301076,1909f56bfc062723c751e8b465ee728b)
Start importing Assets/Resuorsec/Simple city plain/Prefabs/Street 3 Prefab 1.prefab using Guid(09a01e97792fe48f0ac0efcef5b9b28a) Importer(815301076,1909f56bfc062723c751e8b465ee728b)  -> (artifact id: '4497518d701d7396397bfef62cb953c0') in 0.037831 seconds
  Import took 0.044004 seconds .

========================================================================
Received Import Request.
  Time since last request: 6.656137 seconds.
  path: Assets/Resuorsec/Simple city plain/Prefabs/Street 3 Prefab 1.prefab
  artifactKey: Guid(09a01e97792fe48f0ac0efcef5b9b28a) Importer(815301076,1909f56bfc062723c751e8b465ee728b)
Start importing Assets/Resuorsec/Simple city plain/Prefabs/Street 3 Prefab 1.prefab using Guid(09a01e97792fe48f0ac0efcef5b9b28a) Importer(815301076,1909f56bfc062723c751e8b465ee728b)  -> (artifact id: '4977d4b4a5d7d0cb3265f9079e250390') in 0.016731 seconds
  Import took 0.019168 seconds .

========================================================================
Received Import Request.
  Time since last request: 2.005522 seconds.
  path: Assets/Resuorsec/Simple city plain/Prefabs/Street 3 Prefab 1.prefab
  artifactKey: Guid(09a01e97792fe48f0ac0efcef5b9b28a) Importer(815301076,1909f56bfc062723c751e8b465ee728b)
Start importing Assets/Resuorsec/Simple city plain/Prefabs/Street 3 Prefab 1.prefab using Guid(09a01e97792fe48f0ac0efcef5b9b28a) Importer(815301076,1909f56bfc062723c751e8b465ee728b)  -> (artifact id: '5b9cd3bb7cfa01c725fe4e89c17355c3') in 0.012301 seconds
  Import took 0.014670 seconds .

========================================================================
Received Import Request.
  Time since last request: 1.830962 seconds.
  path: Assets/Resuorsec/Simple city plain/Prefabs/Street 3 Prefab 1.prefab
  artifactKey: Guid(09a01e97792fe48f0ac0efcef5b9b28a) Importer(815301076,1909f56bfc062723c751e8b465ee728b)
Start importing Assets/Resuorsec/Simple city plain/Prefabs/Street 3 Prefab 1.prefab using Guid(09a01e97792fe48f0ac0efcef5b9b28a) Importer(815301076,1909f56bfc062723c751e8b465ee728b)  -> (artifact id: 'cfff508926fa24e9892355ecddec85b4') in 0.013423 seconds
  Import took 0.016038 seconds .

========================================================================
Received Import Request.
  Time since last request: 4.098065 seconds.
  path: Assets/Resuorsec/Simple city plain/Prefabs/Street 3 Prefab 1.prefab
  artifactKey: Guid(09a01e97792fe48f0ac0efcef5b9b28a) Importer(815301076,1909f56bfc062723c751e8b465ee728b)
Start importing Assets/Resuorsec/Simple city plain/Prefabs/Street 3 Prefab 1.prefab using Guid(09a01e97792fe48f0ac0efcef5b9b28a) Importer(815301076,1909f56bfc062723c751e8b465ee728b)  -> (artifact id: 'e6bdc27512a7193a1b5bfef0b116e7e6') in 0.016233 seconds
  Import took 0.018675 seconds .

========================================================================
Received Import Request.
  Time since last request: 1.994601 seconds.
  path: Assets/Resuorsec/Simple city plain/Prefabs/Street 3 Prefab 1.prefab
  artifactKey: Guid(09a01e97792fe48f0ac0efcef5b9b28a) Importer(815301076,1909f56bfc062723c751e8b465ee728b)
Start importing Assets/Resuorsec/Simple city plain/Prefabs/Street 3 Prefab 1.prefab using Guid(09a01e97792fe48f0ac0efcef5b9b28a) Importer(815301076,1909f56bfc062723c751e8b465ee728b)  -> (artifact id: 'd0ed1b9657093d1e2e6072abde394d93') in 0.012283 seconds
  Import took 0.014571 seconds .

========================================================================
Received Import Request.
  Time since last request: 2.020854 seconds.
  path: Assets/Resuorsec/Simple city plain/Prefabs/Street 3 Prefab 1.prefab
  artifactKey: Guid(09a01e97792fe48f0ac0efcef5b9b28a) Importer(815301076,1909f56bfc062723c751e8b465ee728b)
Start importing Assets/Resuorsec/Simple city plain/Prefabs/Street 3 Prefab 1.prefab using Guid(09a01e97792fe48f0ac0efcef5b9b28a) Importer(815301076,1909f56bfc062723c751e8b465ee728b)  -> (artifact id: '0a5c95e3c8a6860c3a58cdac4e1e2c24') in 0.013123 seconds
  Import took 0.015575 seconds .

========================================================================
Received Import Request.
  Time since last request: 4.651687 seconds.
  path: Assets/Resuorsec/Simple city plain/Prefabs/Street 3 Prefab 1.prefab
  artifactKey: Guid(09a01e97792fe48f0ac0efcef5b9b28a) Importer(815301076,1909f56bfc062723c751e8b465ee728b)
Start importing Assets/Resuorsec/Simple city plain/Prefabs/Street 3 Prefab 1.prefab using Guid(09a01e97792fe48f0ac0efcef5b9b28a) Importer(815301076,1909f56bfc062723c751e8b465ee728b)  -> (artifact id: '4ca1082ca13ec8d9a9a2592737fe475f') in 0.013460 seconds
  Import took 0.015981 seconds .

========================================================================
Received Import Request.
  Time since last request: 5.092122 seconds.
  path: Assets/Resuorsec/Simple city plain/Prefabs/Street 3 Prefab 1.prefab
  artifactKey: Guid(09a01e97792fe48f0ac0efcef5b9b28a) Importer(815301076,1909f56bfc062723c751e8b465ee728b)
Start importing Assets/Resuorsec/Simple city plain/Prefabs/Street 3 Prefab 1.prefab using Guid(09a01e97792fe48f0ac0efcef5b9b28a) Importer(815301076,1909f56bfc062723c751e8b465ee728b)  -> (artifact id: '2cd0777e9b8caa32f208e9632881cb2a') in 0.013538 seconds
  Import took 0.016071 seconds .

========================================================================
Received Import Request.
  Time since last request: 3.862275 seconds.
  path: Assets/Resuorsec/Simple city plain/Prefabs/Street 3 Prefab 1.prefab
  artifactKey: Guid(09a01e97792fe48f0ac0efcef5b9b28a) Importer(815301076,1909f56bfc062723c751e8b465ee728b)
Start importing Assets/Resuorsec/Simple city plain/Prefabs/Street 3 Prefab 1.prefab using Guid(09a01e97792fe48f0ac0efcef5b9b28a) Importer(815301076,1909f56bfc062723c751e8b465ee728b)  -> (artifact id: '2b9f56ed633809a8264ad1bb831c6d9f') in 0.012883 seconds
  Import took 0.015607 seconds .

========================================================================
Received Import Request.
  Time since last request: 9.516887 seconds.
  path: Assets/Resuorsec/Simple city plain/Prefabs/Street 3 Prefab 1.prefab
  artifactKey: Guid(09a01e97792fe48f0ac0efcef5b9b28a) Importer(815301076,1909f56bfc062723c751e8b465ee728b)
Start importing Assets/Resuorsec/Simple city plain/Prefabs/Street 3 Prefab 1.prefab using Guid(09a01e97792fe48f0ac0efcef5b9b28a) Importer(815301076,1909f56bfc062723c751e8b465ee728b)  -> (artifact id: 'a2bd71cbdae81f69e30fc169d30994c8') in 0.011875 seconds
  Import took 0.013978 seconds .

========================================================================
Received Import Request.
  Time since last request: 3.260811 seconds.
  path: Assets/Resuorsec/Simple city plain/Prefabs/Street 3 Prefab 1.prefab
  artifactKey: Guid(09a01e97792fe48f0ac0efcef5b9b28a) Importer(815301076,1909f56bfc062723c751e8b465ee728b)
Start importing Assets/Resuorsec/Simple city plain/Prefabs/Street 3 Prefab 1.prefab using Guid(09a01e97792fe48f0ac0efcef5b9b28a) Importer(815301076,1909f56bfc062723c751e8b465ee728b)  -> (artifact id: 'e448613e0b342d6129be4c1e0a4ae56d') in 0.012311 seconds
  Import took 0.014621 seconds .

========================================================================
Received Import Request.
  Time since last request: 10.173597 seconds.
  path: Assets/Resuorsec/Simple city plain/Prefabs/Street 3 Prefab 1.prefab
  artifactKey: Guid(09a01e97792fe48f0ac0efcef5b9b28a) Importer(815301076,1909f56bfc062723c751e8b465ee728b)
Start importing Assets/Resuorsec/Simple city plain/Prefabs/Street 3 Prefab 1.prefab using Guid(09a01e97792fe48f0ac0efcef5b9b28a) Importer(815301076,1909f56bfc062723c751e8b465ee728b)  -> (artifact id: '1d8933ac11d7be98e671d3575c476184') in 0.012602 seconds
  Import took 0.014875 seconds .

========================================================================
Received Import Request.
  Time since last request: 6.903551 seconds.
  path: Assets/Resuorsec/Simple city plain/Prefabs/Street 3 Prefab 1.prefab
  artifactKey: Guid(09a01e97792fe48f0ac0efcef5b9b28a) Importer(815301076,1909f56bfc062723c751e8b465ee728b)
Start importing Assets/Resuorsec/Simple city plain/Prefabs/Street 3 Prefab 1.prefab using Guid(09a01e97792fe48f0ac0efcef5b9b28a) Importer(815301076,1909f56bfc062723c751e8b465ee728b)  -> (artifact id: 'd727f896af524375f67010180367d9a5') in 0.011237 seconds
  Import took 0.013237 seconds .

========================================================================
Received Import Request.
  Time since last request: 14.602890 seconds.
  path: Assets/Resuorsec/Simple city plain/Prefabs/Street 3 Prefab 1.prefab
  artifactKey: Guid(09a01e97792fe48f0ac0efcef5b9b28a) Importer(815301076,1909f56bfc062723c751e8b465ee728b)
Start importing Assets/Resuorsec/Simple city plain/Prefabs/Street 3 Prefab 1.prefab using Guid(09a01e97792fe48f0ac0efcef5b9b28a) Importer(815301076,1909f56bfc062723c751e8b465ee728b)  -> (artifact id: '8d336d00ed9a0dc6d46de5d008c6dd96') in 0.013805 seconds
  Import took 0.016405 seconds .

========================================================================
Received Import Request.
  Time since last request: 1.401052 seconds.
  path: Assets/Resuorsec/Simple city plain/Prefabs/Street 3 Prefab 1.prefab
  artifactKey: Guid(09a01e97792fe48f0ac0efcef5b9b28a) Importer(815301076,1909f56bfc062723c751e8b465ee728b)
Start importing Assets/Resuorsec/Simple city plain/Prefabs/Street 3 Prefab 1.prefab using Guid(09a01e97792fe48f0ac0efcef5b9b28a) Importer(815301076,1909f56bfc062723c751e8b465ee728b)  -> (artifact id: '5aed1f92a4fa3152a6c82d0d98daea76') in 0.014145 seconds
  Import took 0.016718 seconds .

========================================================================
Received Import Request.
  Time since last request: 4.427066 seconds.
  path: Assets/Resuorsec/Simple city plain/Prefabs/Street 3 Prefab 1.prefab
  artifactKey: Guid(09a01e97792fe48f0ac0efcef5b9b28a) Importer(815301076,1909f56bfc062723c751e8b465ee728b)
Start importing Assets/Resuorsec/Simple city plain/Prefabs/Street 3 Prefab 1.prefab using Guid(09a01e97792fe48f0ac0efcef5b9b28a) Importer(815301076,1909f56bfc062723c751e8b465ee728b)  -> (artifact id: '80b9e512192d8d0c73ecef4c7b8e803e') in 0.013974 seconds
  Import took 0.016365 seconds .

========================================================================
Received Import Request.
  Time since last request: 4.233648 seconds.
  path: Assets/Resuorsec/Simple city plain/Prefabs/Street 3 Prefab 1.prefab
  artifactKey: Guid(09a01e97792fe48f0ac0efcef5b9b28a) Importer(815301076,1909f56bfc062723c751e8b465ee728b)
Start importing Assets/Resuorsec/Simple city plain/Prefabs/Street 3 Prefab 1.prefab using Guid(09a01e97792fe48f0ac0efcef5b9b28a) Importer(815301076,1909f56bfc062723c751e8b465ee728b)  -> (artifact id: 'f6e849c40ef8fb33273e745da4504eee') in 0.013239 seconds
  Import took 0.015570 seconds .

========================================================================
Received Import Request.
  Time since last request: 2.004544 seconds.
  path: Assets/Resuorsec/Simple city plain/Prefabs/Street 3 Prefab 1.prefab
  artifactKey: Guid(09a01e97792fe48f0ac0efcef5b9b28a) Importer(815301076,1909f56bfc062723c751e8b465ee728b)
Start importing Assets/Resuorsec/Simple city plain/Prefabs/Street 3 Prefab 1.prefab using Guid(09a01e97792fe48f0ac0efcef5b9b28a) Importer(815301076,1909f56bfc062723c751e8b465ee728b)  -> (artifact id: '6096b5606b80d6f54a0ce5884a09c06c') in 0.013503 seconds
  Import took 0.015753 seconds .

========================================================================
Received Import Request.
  Time since last request: 2.236880 seconds.
  path: Assets/Resuorsec/Simple city plain/Prefabs/Street 3 Prefab 1.prefab
  artifactKey: Guid(09a01e97792fe48f0ac0efcef5b9b28a) Importer(815301076,1909f56bfc062723c751e8b465ee728b)
Start importing Assets/Resuorsec/Simple city plain/Prefabs/Street 3 Prefab 1.prefab using Guid(09a01e97792fe48f0ac0efcef5b9b28a) Importer(815301076,1909f56bfc062723c751e8b465ee728b)  -> (artifact id: 'b2a432de85b81a18e54e4ab47c8953be') in 0.012842 seconds
  Import took 0.015177 seconds .

========================================================================
Received Prepare
Registering precompiled user dll's ...
Registered in 0.000732 seconds.
Begin MonoManager ReloadAssembly
Native extension for WindowsStandalone target not found
Native extension for OSXStandalone target not found
Native extension for WebGL target not found
Refreshing native plugins compatible for Editor in 0.21 ms, found 1 plugins.
Preloading 0 native plugins for Editor in 0.00 ms.
Mono: successfully reloaded assembly
- Completed reload, in  1.735 seconds
Platform modules already initialized, skipping
Switching build target platform(2) subTarget(0) extendedPlatform(0) -> platform(13) subTarget(537395200) extendedPlatform(0)
Refreshing native plugins compatible for Editor in 0.18 ms, found 1 plugins.
Preloading 0 native plugins for Editor in 0.00 ms.
Unloading 1266 Unused Serialized files (Serialized files now loaded: 0)
System memory in use before: 131.2 MB.
System memory in use after: 131.3 MB.

Unloading 6 unused Assets to reduce memory usage. Loaded Objects now: 1762.
Total: 1.140375 ms (FindLiveObjects: 0.085541 ms CreateObjectMapping: 0.036584 ms MarkObjects: 0.972709 ms  DeleteObjects: 0.044792 ms)

AssetImportParameters requested are different than current active one (requested -> active):
  custom:graphics/normal-map-encoding: 01000000000000000000000000000000 -> 02000000000000000000000000000000
========================================================================
Received Import Request.
  Time since last request: 43.627184 seconds.
  path: Assets/Resuorsec/Simple city plain/Prefabs/Street 3 Prefab 1.prefab
  artifactKey: Guid(09a01e97792fe48f0ac0efcef5b9b28a) Importer(815301076,1909f56bfc062723c751e8b465ee728b)
Start importing Assets/Resuorsec/Simple city plain/Prefabs/Street 3 Prefab 1.prefab using Guid(09a01e97792fe48f0ac0efcef5b9b28a) Importer(815301076,1909f56bfc062723c751e8b465ee728b)  -> (artifact id: '2ad8b91fdd44783452e6520f5b1945df') in 0.162237 seconds
  Import took 0.164202 seconds .

========================================================================
Received Prepare
Registering precompiled user dll's ...
Registered in 0.000979 seconds.
Begin MonoManager ReloadAssembly
Native extension for WindowsStandalone target not found
Native extension for OSXStandalone target not found
Native extension for WebGL target not found
Refreshing native plugins compatible for Editor in 0.21 ms, found 1 plugins.
Preloading 0 native plugins for Editor in 0.00 ms.
Mono: successfully reloaded assembly
- Completed reload, in  1.732 seconds
Platform modules already initialized, skipping
Switching build target platform(2) subTarget(0) extendedPlatform(0) -> platform(13) subTarget(537395200) extendedPlatform(0)
Refreshing native plugins compatible for Editor in 0.19 ms, found 1 plugins.
Preloading 0 native plugins for Editor in 0.00 ms.
Unloading 1266 Unused Serialized files (Serialized files now loaded: 0)
System memory in use before: 131.5 MB.
System memory in use after: 131.5 MB.

Unloading 6 unused Assets to reduce memory usage. Loaded Objects now: 1766.
Total: 1.102334 ms (FindLiveObjects: 0.094291 ms CreateObjectMapping: 0.024959 ms MarkObjects: 0.936125 ms  DeleteObjects: 0.046292 ms)

AssetImportParameters requested are different than current active one (requested -> active):
  custom:graphics/normal-map-encoding: 01000000000000000000000000000000 -> 02000000000000000000000000000000
